<?xml version="1.0" encoding="UTF-8"?>
<testsuite name="CapstoneDesign.EvacuationGuide.EvacuationGuideApplicationTests" tests="1" skipped="0" failures="0" errors="0" timestamp="2024-05-09T15:49:48" hostname="DESKTOP-KS8TOL2" time="0.475">
  <properties/>
  <testcase name="contextLoads()" classname="CapstoneDesign.EvacuationGuide.EvacuationGuideApplicationTests" time="0.475"/>
  <system-out><![CDATA[00:49:44.443 [Test worker] INFO org.springframework.test.context.support.AnnotationConfigContextLoaderUtils -- Could not detect default configuration classes for test class [CapstoneDesign.EvacuationGuide.EvacuationGuideApplicationTests]: EvacuationGuideApplicationTests does not declare any static, non-private, non-final, nested classes annotated with @Configuration.
00:49:44.549 [Test worker] INFO org.springframework.boot.test.context.SpringBootTestContextBootstrapper -- Found @SpringBootConfiguration CapstoneDesign.EvacuationGuide.EvacuationGuideApplication for test class CapstoneDesign.EvacuationGuide.EvacuationGuideApplicationTests

  .   ____          _            __ _ _
 /\\ / ___'_ __ _ _(_)_ __  __ _ \ \ \ \
( ( )\___ | '_ | '_| | '_ \/ _` | \ \ \ \
 \\/  ___)| |_)| | | | | || (_| |  ) ) ) )
  '  |____| .__|_| |_|_| |_\__, | / / / /
 =========|_|==============|___/=/_/_/_/
?[32m :: Spring Boot :: ?[39m              ?[2m (v3.2.3)?[0;39m

?[2m2024-05-10T00:49:45.018+09:00?[0;39m ?[32m INFO?[0;39m ?[35m3780?[0;39m ?[2m---?[0;39m ?[2m[EvacuationGuide] [    Test worker]?[0;39m ?[2m?[0;39m?[36mC.E.EvacuationGuideApplicationTests     ?[0;39m ?[2m:?[0;39m Starting EvacuationGuideApplicationTests using Java 17.0.10 with PID 3780 (started by Baek in C:\Users\Baek\Desktop\project\capstone)
?[2m2024-05-10T00:49:45.023+09:00?[0;39m ?[32m INFO?[0;39m ?[35m3780?[0;39m ?[2m---?[0;39m ?[2m[EvacuationGuide] [    Test worker]?[0;39m ?[2m?[0;39m?[36mC.E.EvacuationGuideApplicationTests     ?[0;39m ?[2m:?[0;39m No active profile set, falling back to 1 default profile: "default"
?[2m2024-05-10T00:49:45.713+09:00?[0;39m ?[32m INFO?[0;39m ?[35m3780?[0;39m ?[2m---?[0;39m ?[2m[EvacuationGuide] [    Test worker]?[0;39m ?[2m?[0;39m?[36m.s.d.r.c.RepositoryConfigurationDelegate?[0;39m ?[2m:?[0;39m Bootstrapping Spring Data JPA repositories in DEFAULT mode.
?[2m2024-05-10T00:49:45.784+09:00?[0;39m ?[32m INFO?[0;39m ?[35m3780?[0;39m ?[2m---?[0;39m ?[2m[EvacuationGuide] [    Test worker]?[0;39m ?[2m?[0;39m?[36m.s.d.r.c.RepositoryConfigurationDelegate?[0;39m ?[2m:?[0;39m Finished Spring Data repository scanning in 58 ms. Found 3 JPA repository interfaces.
?[2m2024-05-10T00:49:46.233+09:00?[0;39m ?[32m INFO?[0;39m ?[35m3780?[0;39m ?[2m---?[0;39m ?[2m[EvacuationGuide] [    Test worker]?[0;39m ?[2m?[0;39m?[36mcom.zaxxer.hikari.HikariDataSource      ?[0;39m ?[2m:?[0;39m HikariPool-1 - Starting...
?[2m2024-05-10T00:49:46.438+09:00?[0;39m ?[32m INFO?[0;39m ?[35m3780?[0;39m ?[2m---?[0;39m ?[2m[EvacuationGuide] [    Test worker]?[0;39m ?[2m?[0;39m?[36mcom.zaxxer.hikari.pool.HikariPool       ?[0;39m ?[2m:?[0;39m HikariPool-1 - Added connection conn0: url=jdbc:h2:mem:2935b39f-4d35-4735-b4eb-003a2828da7d user=SA
?[2m2024-05-10T00:49:46.438+09:00?[0;39m ?[32m INFO?[0;39m ?[35m3780?[0;39m ?[2m---?[0;39m ?[2m[EvacuationGuide] [    Test worker]?[0;39m ?[2m?[0;39m?[36mcom.zaxxer.hikari.HikariDataSource      ?[0;39m ?[2m:?[0;39m HikariPool-1 - Start completed.
?[2m2024-05-10T00:49:46.498+09:00?[0;39m ?[32m INFO?[0;39m ?[35m3780?[0;39m ?[2m---?[0;39m ?[2m[EvacuationGuide] [    Test worker]?[0;39m ?[2m?[0;39m?[36mo.hibernate.jpa.internal.util.LogHelper ?[0;39m ?[2m:?[0;39m HHH000204: Processing PersistenceUnitInfo [name: default]
?[2m2024-05-10T00:49:46.573+09:00?[0;39m ?[32m INFO?[0;39m ?[35m3780?[0;39m ?[2m---?[0;39m ?[2m[EvacuationGuide] [    Test worker]?[0;39m ?[2m?[0;39m?[36morg.hibernate.Version                   ?[0;39m ?[2m:?[0;39m HHH000412: Hibernate ORM core version 6.4.4.Final
?[2m2024-05-10T00:49:46.613+09:00?[0;39m ?[32m INFO?[0;39m ?[35m3780?[0;39m ?[2m---?[0;39m ?[2m[EvacuationGuide] [    Test worker]?[0;39m ?[2m?[0;39m?[36mo.h.c.internal.RegionFactoryInitiator   ?[0;39m ?[2m:?[0;39m HHH000026: Second-level cache disabled
?[2m2024-05-10T00:49:46.898+09:00?[0;39m ?[32m INFO?[0;39m ?[35m3780?[0;39m ?[2m---?[0;39m ?[2m[EvacuationGuide] [    Test worker]?[0;39m ?[2m?[0;39m?[36mo.s.o.j.p.SpringPersistenceUnitInfo     ?[0;39m ?[2m:?[0;39m No LoadTimeWeaver setup: ignoring JPA class transformer
?[2m2024-05-10T00:49:47.864+09:00?[0;39m ?[32m INFO?[0;39m ?[35m3780?[0;39m ?[2m---?[0;39m ?[2m[EvacuationGuide] [    Test worker]?[0;39m ?[2m?[0;39m?[36mo.h.e.t.j.p.i.JtaPlatformInitiator      ?[0;39m ?[2m:?[0;39m HHH000489: No JTA platform available (set 'hibernate.transaction.jta.platform' to enable JTA platform integration)
?[2m2024-05-10T00:49:47.906+09:00?[0;39m ?[32m INFO?[0;39m ?[35m3780?[0;39m ?[2m---?[0;39m ?[2m[EvacuationGuide] [    Test worker]?[0;39m ?[2m?[0;39m?[36mj.LocalContainerEntityManagerFactoryBean?[0;39m ?[2m:?[0;39m Initialized JPA EntityManagerFactory for persistence unit 'default'
?[2m2024-05-10T00:49:48.448+09:00?[0;39m ?[33m WARN?[0;39m ?[35m3780?[0;39m ?[2m---?[0;39m ?[2m[EvacuationGuide] [    Test worker]?[0;39m ?[2m?[0;39m?[36mJpaBaseConfiguration$JpaWebConfiguration?[0;39m ?[2m:?[0;39m spring.jpa.open-in-view is enabled by default. Therefore, database queries may be performed during view rendering. Explicitly configure spring.jpa.open-in-view to disable this warning
?[2m2024-05-10T00:49:48.483+09:00?[0;39m ?[32m INFO?[0;39m ?[35m3780?[0;39m ?[2m---?[0;39m ?[2m[EvacuationGuide] [    Test worker]?[0;39m ?[2m?[0;39m?[36mo.s.b.a.w.s.WelcomePageHandlerMapping   ?[0;39m ?[2m:?[0;39m Adding welcome page template: index
?[2m2024-05-10T00:49:48.894+09:00?[0;39m ?[32m INFO?[0;39m ?[35m3780?[0;39m ?[2m---?[0;39m ?[2m[EvacuationGuide] [    Test worker]?[0;39m ?[2m?[0;39m?[36mC.E.EvacuationGuideApplicationTests     ?[0;39m ?[2m:?[0;39m Started EvacuationGuideApplicationTests in 4.159 seconds (process running for 5.331)
]]></system-out>
  <system-err><![CDATA[]]></system-err>
</testsuite>
